2021-05-27 20:11:01,432 INFO started
2021-05-27 20:11:01,432 INFO parser, start
2021-05-27 20:11:01,433 INFO parser, finish
2021-05-27 20:11:01,433 INFO download, start
2021-05-27 20:11:01,655 INFO resource_download, start
2021-05-27 20:11:01,661 INFO download, finish
2021-05-27 20:11:01,664 INFO resource: /assets/favicon-e838451c650fca1f2cecc39725bfc783effe70a27d0da89152aafa0185392f25.ico
2021-05-27 20:11:01,769 INFO resource: /packs/css/6678-3cdd3258.css
2021-05-27 20:11:01,880 INFO resource: /packs/css/application-cfc1d100.css
2021-05-27 20:11:02,003 INFO resource: /assets/logo-ef9fc08eb3d41fae7c245a1877fd23f499129860cd3b15437a64ec2eec20a772.png
2021-05-27 20:11:02,133 INFO resource: /assets/flag-en-ad0d3e7f98571aab4565410c7227a7d57935349a68389301b0180dfc6a78af22.svg
2021-05-27 20:11:02,242 INFO resource: https://ru.code-basics.com/assets/code-basics-coding-9409d9a72cd9a3fa4f64943a12247b40622153bc23fe4f104e749cea2371015c.png
2021-05-27 20:11:02,410 INFO resource: /assets/racket-02c162877fd1b9822b4e2cc9250adea0c074c77c79e5b9c0c661e2d90a460c39.png
2021-05-27 20:11:02,522 INFO resource: /assets/java-f1d8b3772da29363b104a34d601d63ad0638120d35e2871226464e10fc28a802.png
2021-05-27 20:11:02,639 INFO resource: /assets/css-c2aef3254d55c4ee44bc640b3c5015507214305ba9b2e6c36d3c2a41794d1e4c.png
2021-05-27 20:11:02,741 INFO resource: /assets/php-17a8e0c4821adf48d099c1e487587e4cd3191294b26dff6baa59d02e0c3af569.png
2021-05-27 20:11:02,843 INFO resource: /assets/ruby-e2e37c8b12b71f272263dee1afed4cadc88a6998991d3013f2dc6d5a72383f50.png
2021-05-27 20:11:02,969 INFO resource: /assets/python-7d756e54a9186a7a38e88f39120dbf17327c34dec2fbfa8505f21e8828308581.png
2021-05-27 20:11:03,074 INFO resource: /assets/javascript-9f7da8d98cce6ef05ff811098dd1f0b115a4ec86973f4d8e7e378c05575bab7b.png
2021-05-27 20:11:03,179 INFO resource: /assets/html-8e2a60d44054d97948c6fd729208d87545095c875a130961f483253e3238ea70.png
2021-05-27 20:11:03,279 INFO resource: /assets/go-e7b0f0bec0322e4853beb426bf22188dfed5485633ab0042832b6c9ffc068ed5.png
2021-05-27 20:11:03,396 INFO resource: /assets/elixir-9348a8f1c6f62e26f36cb955a4fbc1df3f1ed73aaa4481647fd6880c4bc826e1.png
2021-05-27 20:11:03,508 INFO resource: /assets/flag-en-ad0d3e7f98571aab4565410c7227a7d57935349a68389301b0180dfc6a78af22.svg
2021-05-27 20:11:03,609 INFO resource: /cdn-cgi/scripts/5c5dd728/cloudflare-static/email-decode.min.js
2021-05-27 20:11:03,714 INFO resource: /packs/js/runtime-5bb3d0cbcc9c1ae2dfdd.js
2021-05-27 20:11:03,830 INFO resource: /packs/js/9093-b2aa025a969b19672f41.js
2021-05-27 20:11:04,012 INFO resource: /packs/js/6678-c5b5acd17f8e874e6c07.js
2021-05-27 20:11:04,148 INFO resource: /packs/js/application-32865431200859e87969.js
2021-05-27 20:11:04,254 INFO download, finish
2021-05-27 20:11:04,255 INFO finished
